# JRE version: OpenJDK Runtime Environment (8.0_202-b03) (build 1.8.0_202-release-1483-b03)
# Java VM: OpenJDK 64-Bit Server VM (25.202-b03 mixed mode windows-amd64 compressed oops)
Heap:
 PSYoungGen      total 297984K, used 95240K [0x00000000e0000000, 0x00000000f5700000, 0x0000000100000000)
  eden space 253952K, 21% used [0x00000000e0000000,0x00000000e35ae620,0x00000000ef800000)
  from space 44032K, 91% used [0x00000000f2700000,0x00000000f4e53c48,0x00000000f5200000)
  to   space 48128K, 0% used [0x00000000ef800000,0x00000000ef800000,0x00000000f2700000)
 ParOldGen       total 416768K, used 86089K [0x00000000a0000000, 0x00000000b9700000, 0x00000000e0000000)
  object space 416768K, 20% used [0x00000000a0000000,0x00000000a5412630,0x00000000b9700000)
 Metaspace       used 93174K, capacity 97678K, committed 97880K, reserved 1134592K
  class space    used 11994K, capacity 12838K, committed 12928K, reserved 1048576K
GC Heap History (10 events):
Event: 508.734 GC heap before
{Heap before GC invocations=13 (full 3):
 PSYoungGen      total 201216K, used 201205K [0x00000000e0000000, 0x00000000f0380000, 0x0000000100000000)
  eden space 175104K, 100% used [0x00000000e0000000,0x00000000eab00000,0x00000000eab00000)
  from space 26112K, 99% used [0x00000000eab00000,0x00000000ec47d500,0x00000000ec480000)
  to   space 32256K, 0% used [0x00000000ee400000,0x00000000ee400000,0x00000000f0380000)
 ParOldGen       total 416768K, used 47952K [0x00000000a0000000, 0x00000000b9700000, 0x00000000e0000000)
  object space 416768K, 11% used [0x00000000a0000000,0x00000000a2ed43f0,0x00000000b9700000)
 Metaspace       used 76061K, capacity 79166K, committed 79448K, reserved 1118208K
  class space    used 9995K, capacity 10617K, committed 10624K, reserved 1048576K
Event: 508.762 GC heap after
Heap after GC invocations=13 (full 3):
 PSYoungGen      total 229376K, used 32237K [0x00000000e0000000, 0x00000000f1680000, 0x0000000100000000)
  eden space 197120K, 0% used [0x00000000e0000000,0x00000000e0000000,0x00000000ec080000)
  from space 32256K, 99% used [0x00000000ee400000,0x00000000f037b488,0x00000000f0380000)
  to   space 36352K, 0% used [0x00000000ec080000,0x00000000ec080000,0x00000000ee400000)
 ParOldGen       total 416768K, used 48116K [0x00000000a0000000, 0x00000000b9700000, 0x00000000e0000000)
  object space 416768K, 11% used [0x00000000a0000000,0x00000000a2efd218,0x00000000b9700000)
 Metaspace       used 76061K, capacity 79166K, committed 79448K, reserved 1118208K
  class space    used 9995K, capacity 10617K, committed 10624K, reserved 1048576K
}
Event: 539.093 GC heap before
{Heap before GC invocations=14 (full 3):
 PSYoungGen      total 229376K, used 229357K [0x00000000e0000000, 0x00000000f1680000, 0x0000000100000000)
  eden space 197120K, 100% used [0x00000000e0000000,0x00000000ec080000,0x00000000ec080000)
  from space 32256K, 99% used [0x00000000ee400000,0x00000000f037b488,0x00000000f0380000)
  to   space 36352K, 0% used [0x00000000ec080000,0x00000000ec080000,0x00000000ee400000)
 ParOldGen       total 416768K, used 48116K [0x00000000a0000000, 0x00000000b9700000, 0x00000000e0000000)
  object space 416768K, 11% used [0x00000000a0000000,0x00000000a2efd218,0x00000000b9700000)
 Metaspace       used 79192K, capacity 83140K, committed 83288K, reserved 1122304K
  class space    used 10363K, capacity 11105K, committed 11136K, reserved 1048576K
Event: 539.113 GC heap after
Heap after GC invocations=14 (full 3):
 PSYoungGen      total 233472K, used 20584K [0x00000000e0000000, 0x00000000f2780000, 0x0000000100000000)
  eden space 197120K, 0% used [0x00000000e0000000,0x00000000e0000000,0x00000000ec080000)
  from space 36352K, 56% used [0x00000000ec080000,0x00000000ed49a088,0x00000000ee400000)
  to   space 35328K, 0% used [0x00000000f0500000,0x00000000f0500000,0x00000000f2780000)
 ParOldGen       total 416768K, used 65980K [0x00000000a0000000, 0x00000000b9700000, 0x00000000e0000000)
  object space 416768K, 15% used [0x00000000a0000000,0x00000000a406f098,0x00000000b9700000)
 Metaspace       used 79192K, capacity 83140K, committed 83288K, reserved 1122304K
  class space    used 10363K, capacity 11105K, committed 11136K, reserved 1048576K
}
Event: 542.748 GC heap before
{Heap before GC invocations=15 (full 3):
 PSYoungGen      total 233472K, used 217704K [0x00000000e0000000, 0x00000000f2780000, 0x0000000100000000)
  eden space 197120K, 100% used [0x00000000e0000000,0x00000000ec080000,0x00000000ec080000)
  from space 36352K, 56% used [0x00000000ec080000,0x00000000ed49a088,0x00000000ee400000)
  to   space 35328K, 0% used [0x00000000f0500000,0x00000000f0500000,0x00000000f2780000)
 ParOldGen       total 416768K, used 65980K [0x00000000a0000000, 0x00000000b9700000, 0x00000000e0000000)
  object space 416768K, 15% used [0x00000000a0000000,0x00000000a406f098,0x00000000b9700000)
 Metaspace       used 80990K, capacity 84992K, committed 85336K, reserved 1124352K
  class space    used 10520K, capacity 11285K, committed 11392K, reserved 1048576K
Event: 542.771 GC heap after
Heap after GC invocations=15 (full 3):
 PSYoungGen      total 260096K, used 35301K [0x00000000e0000000, 0x00000000f3200000, 0x0000000100000000)
  eden space 224768K, 0% used [0x00000000e0000000,0x00000000e0000000,0x00000000edb80000)
  from space 35328K, 99% used [0x00000000f0500000,0x00000000f2779798,0x00000000f2780000)
  to   space 42496K, 0% used [0x00000000edb80000,0x00000000edb80000,0x00000000f0500000)
 ParOldGen       total 416768K, used 74742K [0x00000000a0000000, 0x00000000b9700000, 0x00000000e0000000)
  object space 416768K, 17% used [0x00000000a0000000,0x00000000a48fda50,0x00000000b9700000)
 Metaspace       used 80990K, capacity 84992K, committed 85336K, reserved 1124352K
  class space    used 10520K, capacity 11285K, committed 11392K, reserved 1048576K
}
Event: 551.676 GC heap before
{Heap before GC invocations=16 (full 3):
 PSYoungGen      total 260096K, used 260069K [0x00000000e0000000, 0x00000000f3200000, 0x0000000100000000)
  eden space 224768K, 100% used [0x00000000e0000000,0x00000000edb80000,0x00000000edb80000)
  from space 35328K, 99% used [0x00000000f0500000,0x00000000f2779798,0x00000000f2780000)
  to   space 42496K, 0% used [0x00000000edb80000,0x00000000edb80000,0x00000000f0500000)
 ParOldGen       total 416768K, used 74742K [0x00000000a0000000, 0x00000000b9700000, 0x00000000e0000000)
  object space 416768K, 17% used [0x00000000a0000000,0x00000000a48fda50,0x00000000b9700000)
 Metaspace       used 84826K, capacity 89074K, committed 89176K, reserved 1126400K
  class space    used 11019K, capacity 11823K, committed 11904K, reserved 1048576K
Event: 551.738 GC heap after
Heap after GC invocations=16 (full 3):
 PSYoungGen      total 267264K, used 30684K [0x00000000e0000000, 0x00000000f5200000, 0x0000000100000000)
  eden space 224768K, 0% used [0x00000000e0000000,0x00000000e0000000,0x00000000edb80000)
  from space 42496K, 72% used [0x00000000edb80000,0x00000000ef977348,0x00000000f0500000)
  to   space 44032K, 0% used [0x00000000f2700000,0x00000000f2700000,0x00000000f5200000)
 ParOldGen       total 416768K, used 86073K [0x00000000a0000000, 0x00000000b9700000, 0x00000000e0000000)
  object space 416768K, 20% used [0x00000000a0000000,0x00000000a540e630,0x00000000b9700000)
 Metaspace       used 84826K, capacity 89074K, committed 89176K, reserved 1126400K
  class space    used 11019K, capacity 11823K, committed 11904K, reserved 1048576K
}
Event: 558.076 GC heap before
{Heap before GC invocations=17 (full 3):
 PSYoungGen      total 267264K, used 255452K [0x00000000e0000000, 0x00000000f5200000, 0x0000000100000000)
  eden space 224768K, 100% used [0x00000000e0000000,0x00000000edb80000,0x00000000edb80000)
  from space 42496K, 72% used [0x00000000edb80000,0x00000000ef977348,0x00000000f0500000)
  to   space 44032K, 0% used [0x00000000f2700000,0x00000000f2700000,0x00000000f5200000)
 ParOldGen       total 416768K, used 86073K [0x00000000a0000000, 0x00000000b9700000, 0x00000000e0000000)
  object space 416768K, 20% used [0x00000000a0000000,0x00000000a540e630,0x00000000b9700000)
 Metaspace       used 91672K, capacity 96070K, committed 96344K, reserved 1132544K
  class space    used 11789K, capacity 12636K, committed 12672K, reserved 1048576K
Event: 558.115 GC heap after
Heap after GC invocations=17 (full 3):
 PSYoungGen      total 297984K, used 40271K [0x00000000e0000000, 0x00000000f5700000, 0x0000000100000000)
  eden space 253952K, 0% used [0x00000000e0000000,0x00000000e0000000,0x00000000ef800000)
  from space 44032K, 91% used [0x00000000f2700000,0x00000000f4e53c48,0x00000000f5200000)
  to   space 48128K, 0% used [0x00000000ef800000,0x00000000ef800000,0x00000000f2700000)
 ParOldGen       total 416768K, used 86089K [0x00000000a0000000, 0x00000000b9700000, 0x00000000e0000000)
  object space 416768K, 20% used [0x00000000a0000000,0x00000000a5412630,0x00000000b9700000)
 Metaspace       used 91672K, capacity 96070K, committed 96344K, reserved 1132544K
  class space    used 11789K, capacity 12636K, committed 12672K, reserved 1048576K
}

