# JRE version: OpenJDK Runtime Environment (8.0_202-b03) (build 1.8.0_202-release-1483-b03)
# Java VM: OpenJDK 64-Bit Server VM (25.202-b03 mixed mode windows-amd64 compressed oops)
Heap:
 PSYoungGen      total 294400K, used 206288K [0x00000000e0000000, 0x00000000f5680000, 0x0000000100000000)
  eden space 256000K, 67% used [0x00000000e0000000,0x00000000ea8b16d8,0x00000000efa00000)
  from space 38400K, 87% used [0x00000000f2280000,0x00000000f4342c28,0x00000000f4800000)
  to   space 41472K, 0% used [0x00000000efa00000,0x00000000efa00000,0x00000000f2280000)
 ParOldGen       total 405504K, used 57966K [0x00000000a0000000, 0x00000000b8c00000, 0x00000000e0000000)
  object space 405504K, 14% used [0x00000000a0000000,0x00000000a389ba78,0x00000000b8c00000)
 Metaspace       used 74014K, capacity 77226K, committed 77440K, reserved 1116160K
  class space    used 9983K, capacity 10610K, committed 10624K, reserved 1048576K
GC Heap History (10 events):
Event: 6.124 GC heap before
{Heap before GC invocations=9 (full 3):
 PSYoungGen      total 201728K, used 18921K [0x00000000e0000000, 0x00000000ee700000, 0x0000000100000000)
  eden space 182784K, 0% used [0x00000000e0000000,0x00000000e0000000,0x00000000eb280000)
  from space 18944K, 99% used [0x00000000ec900000,0x00000000edb7a598,0x00000000edb80000)
  to   space 23040K, 0% used [0x00000000eb280000,0x00000000eb280000,0x00000000ec900000)
 ParOldGen       total 274432K, used 24333K [0x00000000a0000000, 0x00000000b0c00000, 0x00000000e0000000)
  object space 274432K, 8% used [0x00000000a0000000,0x00000000a17c3640,0x00000000b0c00000)
 Metaspace       used 57392K, capacity 58986K, committed 59136K, reserved 1099776K
  class space    used 7773K, capacity 8164K, committed 8192K, reserved 1048576K
Event: 6.272 GC heap after
Heap after GC invocations=9 (full 3):
 PSYoungGen      total 201728K, used 0K [0x00000000e0000000, 0x00000000ee700000, 0x0000000100000000)
  eden space 182784K, 0% used [0x00000000e0000000,0x00000000e0000000,0x00000000eb280000)
  from space 18944K, 0% used [0x00000000ec900000,0x00000000ec900000,0x00000000edb80000)
  to   space 23040K, 0% used [0x00000000eb280000,0x00000000eb280000,0x00000000ec900000)
 ParOldGen       total 405504K, used 36674K [0x00000000a0000000, 0x00000000b8c00000, 0x00000000e0000000)
  object space 405504K, 9% used [0x00000000a0000000,0x00000000a23d0a80,0x00000000b8c00000)
 Metaspace       used 57392K, capacity 58986K, committed 59136K, reserved 1099776K
  class space    used 7773K, capacity 8164K, committed 8192K, reserved 1048576K
}
Event: 7.848 GC heap before
{Heap before GC invocations=10 (full 3):
 PSYoungGen      total 201728K, used 182784K [0x00000000e0000000, 0x00000000ee700000, 0x0000000100000000)
  eden space 182784K, 100% used [0x00000000e0000000,0x00000000eb280000,0x00000000eb280000)
  from space 18944K, 0% used [0x00000000ec900000,0x00000000ec900000,0x00000000edb80000)
  to   space 23040K, 0% used [0x00000000eb280000,0x00000000eb280000,0x00000000ec900000)
 ParOldGen       total 405504K, used 36674K [0x00000000a0000000, 0x00000000b8c00000, 0x00000000e0000000)
  object space 405504K, 9% used [0x00000000a0000000,0x00000000a23d0a80,0x00000000b8c00000)
 Metaspace       used 61942K, capacity 64248K, committed 64512K, reserved 1105920K
  class space    used 8406K, capacity 8915K, committed 8960K, reserved 1048576K
Event: 7.861 GC heap after
Heap after GC invocations=10 (full 3):
 PSYoungGen      total 205824K, used 15619K [0x00000000e0000000, 0x00000000f0a80000, 0x0000000100000000)
  eden space 182784K, 0% used [0x00000000e0000000,0x00000000e0000000,0x00000000eb280000)
  from space 23040K, 67% used [0x00000000eb280000,0x00000000ec1c0de8,0x00000000ec900000)
  to   space 22528K, 0% used [0x00000000ef480000,0x00000000ef480000,0x00000000f0a80000)
 ParOldGen       total 405504K, used 36682K [0x00000000a0000000, 0x00000000b8c00000, 0x00000000e0000000)
  object space 405504K, 9% used [0x00000000a0000000,0x00000000a23d2a80,0x00000000b8c00000)
 Metaspace       used 61942K, capacity 64248K, committed 64512K, reserved 1105920K
  class space    used 8406K, capacity 8915K, committed 8960K, reserved 1048576K
}
Event: 8.979 GC heap before
{Heap before GC invocations=11 (full 3):
 PSYoungGen      total 205824K, used 198403K [0x00000000e0000000, 0x00000000f0a80000, 0x0000000100000000)
  eden space 182784K, 100% used [0x00000000e0000000,0x00000000eb280000,0x00000000eb280000)
  from space 23040K, 67% used [0x00000000eb280000,0x00000000ec1c0de8,0x00000000ec900000)
  to   space 22528K, 0% used [0x00000000ef480000,0x00000000ef480000,0x00000000f0a80000)
 ParOldGen       total 405504K, used 36682K [0x00000000a0000000, 0x00000000b8c00000, 0x00000000e0000000)
  object space 405504K, 9% used [0x00000000a0000000,0x00000000a23d2a80,0x00000000b8c00000)
 Metaspace       used 68555K, capacity 71050K, committed 71296K, reserved 1110016K
  class space    used 9283K, capacity 9794K, committed 9856K, reserved 1048576K
Event: 8.999 GC heap after
Heap after GC invocations=11 (full 3):
 PSYoungGen      total 241152K, used 22519K [0x00000000e0000000, 0x00000000f2180000, 0x0000000100000000)
  eden space 218624K, 0% used [0x00000000e0000000,0x00000000e0000000,0x00000000ed580000)
  from space 22528K, 99% used [0x00000000ef480000,0x00000000f0a7dd98,0x00000000f0a80000)
  to   space 31744K, 0% used [0x00000000ed580000,0x00000000ed580000,0x00000000ef480000)
 ParOldGen       total 405504K, used 52131K [0x00000000a0000000, 0x00000000b8c00000, 0x00000000e0000000)
  object space 405504K, 12% used [0x00000000a0000000,0x00000000a32e8f68,0x00000000b8c00000)
 Metaspace       used 68555K, capacity 71050K, committed 71296K, reserved 1110016K
  class space    used 9283K, capacity 9794K, committed 9856K, reserved 1048576K
}
Event: 10.184 GC heap before
{Heap before GC invocations=12 (full 3):
 PSYoungGen      total 241152K, used 241143K [0x00000000e0000000, 0x00000000f2180000, 0x0000000100000000)
  eden space 218624K, 100% used [0x00000000e0000000,0x00000000ed580000,0x00000000ed580000)
  from space 22528K, 99% used [0x00000000ef480000,0x00000000f0a7dd98,0x00000000f0a80000)
  to   space 31744K, 0% used [0x00000000ed580000,0x00000000ed580000,0x00000000ef480000)
 ParOldGen       total 405504K, used 52131K [0x00000000a0000000, 0x00000000b8c00000, 0x00000000e0000000)
  object space 405504K, 12% used [0x00000000a0000000,0x00000000a32e8f68,0x00000000b8c00000)
 Metaspace       used 73140K, capacity 76282K, committed 76416K, reserved 1116160K
  class space    used 9916K, capacity 10556K, committed 10624K, reserved 1048576K
Event: 10.209 GC heap after
Heap after GC invocations=12 (full 3):
 PSYoungGen      total 250368K, used 31729K [0x00000000e0000000, 0x00000000f4800000, 0x0000000100000000)
  eden space 218624K, 0% used [0x00000000e0000000,0x00000000e0000000,0x00000000ed580000)
  from space 31744K, 99% used [0x00000000ed580000,0x00000000ef47c7c0,0x00000000ef480000)
  to   space 38400K, 0% used [0x00000000f2280000,0x00000000f2280000,0x00000000f4800000)
 ParOldGen       total 405504K, used 57958K [0x00000000a0000000, 0x00000000b8c00000, 0x00000000e0000000)
  object space 405504K, 14% used [0x00000000a0000000,0x00000000a3899a78,0x00000000b8c00000)
 Metaspace       used 73140K, capacity 76282K, committed 76416K, reserved 1116160K
  class space    used 9916K, capacity 10556K, committed 10624K, reserved 1048576K
}
Event: 10.774 GC heap before
{Heap before GC invocations=13 (full 3):
 PSYoungGen      total 250368K, used 250238K [0x00000000e0000000, 0x00000000f4800000, 0x0000000100000000)
  eden space 218624K, 99% used [0x00000000e0000000,0x00000000ed5630e0,0x00000000ed580000)
  from space 31744K, 99% used [0x00000000ed580000,0x00000000ef47c7c0,0x00000000ef480000)
  to   space 38400K, 0% used [0x00000000f2280000,0x00000000f2280000,0x00000000f4800000)
 ParOldGen       total 405504K, used 57958K [0x00000000a0000000, 0x00000000b8c00000, 0x00000000e0000000)
  object space 405504K, 14% used [0x00000000a0000000,0x00000000a3899a78,0x00000000b8c00000)
 Metaspace       used 73699K, capacity 76930K, committed 77184K, reserved 1116160K
  class space    used 9964K, capacity 10604K, committed 10624K, reserved 1048576K
Event: 10.795 GC heap after
Heap after GC invocations=13 (full 3):
 PSYoungGen      total 294400K, used 33547K [0x00000000e0000000, 0x00000000f5680000, 0x0000000100000000)
  eden space 256000K, 0% used [0x00000000e0000000,0x00000000e0000000,0x00000000efa00000)
  from space 38400K, 87% used [0x00000000f2280000,0x00000000f4342c28,0x00000000f4800000)
  to   space 41472K, 0% used [0x00000000efa00000,0x00000000efa00000,0x00000000f2280000)
 ParOldGen       total 405504K, used 57966K [0x00000000a0000000, 0x00000000b8c00000, 0x00000000e0000000)
  object space 405504K, 14% used [0x00000000a0000000,0x00000000a389ba78,0x00000000b8c00000)
 Metaspace       used 73699K, capacity 76930K, committed 77184K, reserved 1116160K
  class space    used 9964K, capacity 10604K, committed 10624K, reserved 1048576K
}

