# JRE version: OpenJDK Runtime Environment (8.0_202-b03) (build 1.8.0_202-release-1483-b03)
# Java VM: OpenJDK 64-Bit Server VM (25.202-b03 mixed mode windows-amd64 compressed oops)
Heap:
 PSYoungGen      total 302080K, used 171167K [0x00000000e0000000, 0x00000000faf80000, 0x0000000100000000)
  eden space 262656K, 50% used [0x00000000e0000000,0x00000000e80a97e8,0x00000000f0080000)
  from space 39424K, 99% used [0x00000000f0080000,0x00000000f26fe700,0x00000000f2700000)
  to   space 46080K, 0% used [0x00000000f8280000,0x00000000f8280000,0x00000000faf80000)
 ParOldGen       total 413696K, used 58529K [0x00000000a0000000, 0x00000000b9400000, 0x00000000e0000000)
  object space 413696K, 14% used [0x00000000a0000000,0x00000000a3928508,0x00000000b9400000)
 Metaspace       used 75362K, capacity 79344K, committed 79576K, reserved 1118208K
  class space    used 10202K, capacity 10929K, committed 11008K, reserved 1048576K
GC Heap History (10 events):
Event: 8.675 GC heap before
{Heap before GC invocations=10 (full 3):
 PSYoungGen      total 199168K, used 180736K [0x00000000e0000000, 0x00000000ee100000, 0x0000000100000000)
  eden space 180736K, 100% used [0x00000000e0000000,0x00000000eb080000,0x00000000eb080000)
  from space 18432K, 0% used [0x00000000ec700000,0x00000000ec700000,0x00000000ed900000)
  to   space 23040K, 0% used [0x00000000eb080000,0x00000000eb080000,0x00000000ec700000)
 ParOldGen       total 413696K, used 36759K [0x00000000a0000000, 0x00000000b9400000, 0x00000000e0000000)
  object space 413696K, 8% used [0x00000000a0000000,0x00000000a23e5f88,0x00000000b9400000)
 Metaspace       used 62029K, capacity 64374K, committed 64472K, reserved 1105920K
  class space    used 8417K, capacity 8912K, committed 8960K, reserved 1048576K
Event: 8.693 GC heap after
Heap after GC invocations=10 (full 3):
 PSYoungGen      total 203776K, used 15706K [0x00000000e0000000, 0x00000000f0a80000, 0x0000000100000000)
  eden space 180736K, 0% used [0x00000000e0000000,0x00000000e0000000,0x00000000eb080000)
  from space 23040K, 68% used [0x00000000eb080000,0x00000000ebfd6bd0,0x00000000ec700000)
  to   space 22528K, 0% used [0x00000000ef480000,0x00000000ef480000,0x00000000f0a80000)
 ParOldGen       total 413696K, used 36767K [0x00000000a0000000, 0x00000000b9400000, 0x00000000e0000000)
  object space 413696K, 8% used [0x00000000a0000000,0x00000000a23e7f88,0x00000000b9400000)
 Metaspace       used 62029K, capacity 64374K, committed 64472K, reserved 1105920K
  class space    used 8417K, capacity 8912K, committed 8960K, reserved 1048576K
}
Event: 9.732 GC heap before
{Heap before GC invocations=11 (full 3):
 PSYoungGen      total 203776K, used 196442K [0x00000000e0000000, 0x00000000f0a80000, 0x0000000100000000)
  eden space 180736K, 100% used [0x00000000e0000000,0x00000000eb080000,0x00000000eb080000)
  from space 23040K, 68% used [0x00000000eb080000,0x00000000ebfd6bd0,0x00000000ec700000)
  to   space 22528K, 0% used [0x00000000ef480000,0x00000000ef480000,0x00000000f0a80000)
 ParOldGen       total 413696K, used 36767K [0x00000000a0000000, 0x00000000b9400000, 0x00000000e0000000)
  object space 413696K, 8% used [0x00000000a0000000,0x00000000a23e7f88,0x00000000b9400000)
 Metaspace       used 69838K, capacity 72950K, committed 73176K, reserved 1112064K
  class space    used 9564K, capacity 10168K, committed 10240K, reserved 1048576K
Event: 9.752 GC heap after
Heap after GC invocations=11 (full 3):
 PSYoungGen      total 240640K, used 22515K [0x00000000e0000000, 0x00000000f2500000, 0x0000000100000000)
  eden space 218112K, 0% used [0x00000000e0000000,0x00000000e0000000,0x00000000ed500000)
  from space 22528K, 99% used [0x00000000ef480000,0x00000000f0a7ce10,0x00000000f0a80000)
  to   space 32256K, 0% used [0x00000000ed500000,0x00000000ed500000,0x00000000ef480000)
 ParOldGen       total 413696K, used 54215K [0x00000000a0000000, 0x00000000b9400000, 0x00000000e0000000)
  object space 413696K, 13% used [0x00000000a0000000,0x00000000a34f1d30,0x00000000b9400000)
 Metaspace       used 69838K, capacity 72950K, committed 73176K, reserved 1112064K
  class space    used 9564K, capacity 10168K, committed 10240K, reserved 1048576K
}
Event: 10.639 GC heap before
{Heap before GC invocations=12 (full 3):
 PSYoungGen      total 240640K, used 240627K [0x00000000e0000000, 0x00000000f2500000, 0x0000000100000000)
  eden space 218112K, 100% used [0x00000000e0000000,0x00000000ed500000,0x00000000ed500000)
  from space 22528K, 99% used [0x00000000ef480000,0x00000000f0a7ce10,0x00000000f0a80000)
  to   space 32256K, 0% used [0x00000000ed500000,0x00000000ed500000,0x00000000ef480000)
 ParOldGen       total 413696K, used 54215K [0x00000000a0000000, 0x00000000b9400000, 0x00000000e0000000)
  object space 413696K, 13% used [0x00000000a0000000,0x00000000a34f1d30,0x00000000b9400000)
 Metaspace       used 73836K, capacity 77562K, committed 77656K, reserved 1116160K
  class space    used 10078K, capacity 10800K, committed 10880K, reserved 1048576K
Event: 10.665 GC heap after
Heap after GC invocations=12 (full 3):
 PSYoungGen      total 250368K, used 29721K [0x00000000e0000000, 0x00000000f4a00000, 0x0000000100000000)
  eden space 218112K, 0% used [0x00000000e0000000,0x00000000e0000000,0x00000000ed500000)
  from space 32256K, 92% used [0x00000000ed500000,0x00000000ef206710,0x00000000ef480000)
  to   space 35840K, 0% used [0x00000000f2700000,0x00000000f2700000,0x00000000f4a00000)
 ParOldGen       total 413696K, used 54223K [0x00000000a0000000, 0x00000000b9400000, 0x00000000e0000000)
  object space 413696K, 13% used [0x00000000a0000000,0x00000000a34f3d30,0x00000000b9400000)
 Metaspace       used 73836K, capacity 77562K, committed 77656K, reserved 1116160K
  class space    used 10078K, capacity 10800K, committed 10880K, reserved 1048576K
}
Event: 11.378 GC heap before
{Heap before GC invocations=13 (full 3):
 PSYoungGen      total 250368K, used 247833K [0x00000000e0000000, 0x00000000f4a00000, 0x0000000100000000)
  eden space 218112K, 100% used [0x00000000e0000000,0x00000000ed500000,0x00000000ed500000)
  from space 32256K, 92% used [0x00000000ed500000,0x00000000ef206710,0x00000000ef480000)
  to   space 35840K, 0% used [0x00000000f2700000,0x00000000f2700000,0x00000000f4a00000)
 ParOldGen       total 413696K, used 54223K [0x00000000a0000000, 0x00000000b9400000, 0x00000000e0000000)
  object space 413696K, 13% used [0x00000000a0000000,0x00000000a34f3d30,0x00000000b9400000)
 Metaspace       used 74602K, capacity 78454K, committed 78680K, reserved 1118208K
  class space    used 10145K, capacity 10862K, committed 10880K, reserved 1048576K
Event: 11.398 GC heap after
Heap after GC invocations=13 (full 3):
 PSYoungGen      total 298496K, used 33190K [0x00000000e0000000, 0x00000000f5580000, 0x0000000100000000)
  eden space 262656K, 0% used [0x00000000e0000000,0x00000000e0000000,0x00000000f0080000)
  from space 35840K, 92% used [0x00000000f2700000,0x00000000f47699f0,0x00000000f4a00000)
  to   space 39424K, 0% used [0x00000000f0080000,0x00000000f0080000,0x00000000f2700000)
 ParOldGen       total 413696K, used 54231K [0x00000000a0000000, 0x00000000b9400000, 0x00000000e0000000)
  object space 413696K, 13% used [0x00000000a0000000,0x00000000a34f5d30,0x00000000b9400000)
 Metaspace       used 74602K, capacity 78454K, committed 78680K, reserved 1118208K
  class space    used 10145K, capacity 10862K, committed 10880K, reserved 1048576K
}
Event: 11.781 GC heap before
{Heap before GC invocations=14 (full 3):
 PSYoungGen      total 298496K, used 295846K [0x00000000e0000000, 0x00000000f5580000, 0x0000000100000000)
  eden space 262656K, 100% used [0x00000000e0000000,0x00000000f0080000,0x00000000f0080000)
  from space 35840K, 92% used [0x00000000f2700000,0x00000000f47699f0,0x00000000f4a00000)
  to   space 39424K, 0% used [0x00000000f0080000,0x00000000f0080000,0x00000000f2700000)
 ParOldGen       total 413696K, used 54231K [0x00000000a0000000, 0x00000000b9400000, 0x00000000e0000000)
  object space 413696K, 13% used [0x00000000a0000000,0x00000000a34f5d30,0x00000000b9400000)
 Metaspace       used 75230K, capacity 79148K, committed 79320K, reserved 1118208K
  class space    used 10200K, capacity 10929K, committed 11008K, reserved 1048576K
Event: 11.815 GC heap after
Heap after GC invocations=14 (full 3):
 PSYoungGen      total 302080K, used 39417K [0x00000000e0000000, 0x00000000faf80000, 0x0000000100000000)
  eden space 262656K, 0% used [0x00000000e0000000,0x00000000e0000000,0x00000000f0080000)
  from space 39424K, 99% used [0x00000000f0080000,0x00000000f26fe700,0x00000000f2700000)
  to   space 46080K, 0% used [0x00000000f8280000,0x00000000f8280000,0x00000000faf80000)
 ParOldGen       total 413696K, used 58529K [0x00000000a0000000, 0x00000000b9400000, 0x00000000e0000000)
  object space 413696K, 14% used [0x00000000a0000000,0x00000000a3928508,0x00000000b9400000)
 Metaspace       used 75230K, capacity 79148K, committed 79320K, reserved 1118208K
  class space    used 10200K, capacity 10929K, committed 11008K, reserved 1048576K
}

